0 info it worked if it ends with ok
1 verbose cli [ '/Users/eda/.nvm/versions/node/v6.3.1/bin/node',
1 verbose cli   '/Users/eda/.nvm/versions/node/v6.3.1/bin/npm',
1 verbose cli   'run',
1 verbose cli   'server' ]
2 info using npm@3.10.3
3 info using node@v6.3.1
4 verbose run-script [ 'preserver', 'server', 'postserver' ]
5 info lifecycle boilerplate-react-redux@0.1.0~preserver: boilerplate-react-redux@0.1.0
6 silly lifecycle boilerplate-react-redux@0.1.0~preserver: no script for preserver, continuing
7 info lifecycle boilerplate-react-redux@0.1.0~server: boilerplate-react-redux@0.1.0
8 verbose lifecycle boilerplate-react-redux@0.1.0~server: unsafe-perm in lifecycle true
9 verbose lifecycle boilerplate-react-redux@0.1.0~server: PATH: /Users/eda/.nvm/versions/node/v6.3.1/lib/node_modules/npm/bin/node-gyp-bin:/Users/eda/workspace/diversity/node_modules/.bin:/Users/eda/.nvm/versions/node/v6.3.1/bin:/Users/eda/.nvm/versions/node/v6.3.1/bin:/usr/local/bin:/usr/bin:/bin:/usr/sbin:/sbin
10 verbose lifecycle boilerplate-react-redux@0.1.0~server: CWD: /Users/eda/workspace/diversity
11 silly lifecycle boilerplate-react-redux@0.1.0~server: Args: [ '-c', 'node ./src/server/index.js' ]
12 silly lifecycle boilerplate-react-redux@0.1.0~server: Returned: code: 1  signal: null
13 info lifecycle boilerplate-react-redux@0.1.0~server: Failed to exec server script
14 verbose stack Error: boilerplate-react-redux@0.1.0 server: `node ./src/server/index.js`
14 verbose stack Exit status 1
14 verbose stack     at EventEmitter.<anonymous> (/Users/eda/.nvm/versions/node/v6.3.1/lib/node_modules/npm/lib/utils/lifecycle.js:242:16)
14 verbose stack     at emitTwo (events.js:106:13)
14 verbose stack     at EventEmitter.emit (events.js:191:7)
14 verbose stack     at ChildProcess.<anonymous> (/Users/eda/.nvm/versions/node/v6.3.1/lib/node_modules/npm/lib/utils/spawn.js:40:14)
14 verbose stack     at emitTwo (events.js:106:13)
14 verbose stack     at ChildProcess.emit (events.js:191:7)
14 verbose stack     at maybeClose (internal/child_process.js:852:16)
14 verbose stack     at Process.ChildProcess._handle.onexit (internal/child_process.js:215:5)
15 verbose pkgid boilerplate-react-redux@0.1.0
16 verbose cwd /Users/eda/workspace/diversity
17 error Darwin 15.5.0
18 error argv "/Users/eda/.nvm/versions/node/v6.3.1/bin/node" "/Users/eda/.nvm/versions/node/v6.3.1/bin/npm" "run" "server"
19 error node v6.3.1
20 error npm  v3.10.3
21 error code ELIFECYCLE
22 error boilerplate-react-redux@0.1.0 server: `node ./src/server/index.js`
22 error Exit status 1
23 error Failed at the boilerplate-react-redux@0.1.0 server script 'node ./src/server/index.js'.
23 error Make sure you have the latest version of node.js and npm installed.
23 error If you do, this is most likely a problem with the boilerplate-react-redux package,
23 error not with npm itself.
23 error Tell the author that this fails on your system:
23 error     node ./src/server/index.js
23 error You can get information on how to open an issue for this project with:
23 error     npm bugs boilerplate-react-redux
23 error Or if that isn't available, you can get their info via:
23 error     npm owner ls boilerplate-react-redux
23 error There is likely additional logging output above.
24 verbose exit [ 1, true ]
